mode: set
bitbucket.org/tdmv/fenech/concurrent_map.go:21.26,23.35 2 1
bitbucket.org/tdmv/fenech/concurrent_map.go:26.2,26.10 1 1
bitbucket.org/tdmv/fenech/concurrent_map.go:23.35,25.3 1 1
bitbucket.org/tdmv/fenech/concurrent_map.go:30.66,32.2 1 1
bitbucket.org/tdmv/fenech/concurrent_map.go:34.53,35.31 1 1
bitbucket.org/tdmv/fenech/concurrent_map.go:35.31,40.3 4 1
bitbucket.org/tdmv/fenech/concurrent_map.go:44.55,50.2 4 1
bitbucket.org/tdmv/fenech/concurrent_map.go:59.84,67.2 7 1
bitbucket.org/tdmv/fenech/concurrent_map.go:70.68,75.9 4 1
bitbucket.org/tdmv/fenech/concurrent_map.go:78.2,79.12 2 1
bitbucket.org/tdmv/fenech/concurrent_map.go:75.9,77.3 1 1
bitbucket.org/tdmv/fenech/concurrent_map.go:83.55,91.2 5 1
bitbucket.org/tdmv/fenech/concurrent_map.go:94.36,96.35 2 1
bitbucket.org/tdmv/fenech/concurrent_map.go:102.2,102.14 1 1
bitbucket.org/tdmv/fenech/concurrent_map.go:96.35,101.3 4 1
bitbucket.org/tdmv/fenech/concurrent_map.go:106.46,114.2 5 1
bitbucket.org/tdmv/fenech/concurrent_map.go:117.44,123.2 4 1
bitbucket.org/tdmv/fenech/concurrent_map.go:126.65,134.2 6 1
bitbucket.org/tdmv/fenech/concurrent_map.go:137.40,139.2 1 1
bitbucket.org/tdmv/fenech/concurrent_map.go:150.44,152.12 2 1
bitbucket.org/tdmv/fenech/concurrent_map.go:170.2,170.11 1 1
bitbucket.org/tdmv/fenech/concurrent_map.go:152.12,156.27 3 1
bitbucket.org/tdmv/fenech/concurrent_map.go:167.3,168.12 2 1
bitbucket.org/tdmv/fenech/concurrent_map.go:156.27,157.40 1 1
bitbucket.org/tdmv/fenech/concurrent_map.go:157.40,160.39 2 1
bitbucket.org/tdmv/fenech/concurrent_map.go:163.5,164.14 2 1
bitbucket.org/tdmv/fenech/concurrent_map.go:160.39,162.6 1 1
bitbucket.org/tdmv/fenech/concurrent_map.go:174.52,176.12 2 1
bitbucket.org/tdmv/fenech/concurrent_map.go:194.2,194.11 1 1
bitbucket.org/tdmv/fenech/concurrent_map.go:176.12,180.27 3 1
bitbucket.org/tdmv/fenech/concurrent_map.go:191.3,192.12 2 1
bitbucket.org/tdmv/fenech/concurrent_map.go:180.27,181.40 1 1
bitbucket.org/tdmv/fenech/concurrent_map.go:181.40,184.39 2 1
bitbucket.org/tdmv/fenech/concurrent_map.go:187.5,188.14 2 1
bitbucket.org/tdmv/fenech/concurrent_map.go:184.39,186.6 1 1
bitbucket.org/tdmv/fenech/concurrent_map.go:198.50,202.37 2 1
bitbucket.org/tdmv/fenech/concurrent_map.go:206.2,206.12 1 1
bitbucket.org/tdmv/fenech/concurrent_map.go:202.37,204.3 1 1
bitbucket.org/tdmv/fenech/concurrent_map.go:217.43,218.22 1 1
bitbucket.org/tdmv/fenech/concurrent_map.go:218.22,221.39 3 1
bitbucket.org/tdmv/fenech/concurrent_map.go:224.3,224.18 1 1
bitbucket.org/tdmv/fenech/concurrent_map.go:221.39,223.4 1 1
bitbucket.org/tdmv/fenech/concurrent_map.go:229.40,232.12 3 1
bitbucket.org/tdmv/fenech/concurrent_map.go:252.2,253.20 2 1
bitbucket.org/tdmv/fenech/concurrent_map.go:256.2,256.13 1 1
bitbucket.org/tdmv/fenech/concurrent_map.go:232.12,236.27 3 1
bitbucket.org/tdmv/fenech/concurrent_map.go:247.3,248.12 2 1
bitbucket.org/tdmv/fenech/concurrent_map.go:236.27,237.40 1 1
bitbucket.org/tdmv/fenech/concurrent_map.go:237.40,240.34 2 1
bitbucket.org/tdmv/fenech/concurrent_map.go:243.5,244.14 2 1
bitbucket.org/tdmv/fenech/concurrent_map.go:240.34,242.6 1 1
bitbucket.org/tdmv/fenech/concurrent_map.go:253.20,255.3 1 1
bitbucket.org/tdmv/fenech/concurrent_map.go:260.54,265.37 2 1
bitbucket.org/tdmv/fenech/concurrent_map.go:268.2,268.26 1 1
bitbucket.org/tdmv/fenech/concurrent_map.go:265.37,267.3 1 1
bitbucket.org/tdmv/fenech/concurrent_map.go:271.31,274.32 3 1
bitbucket.org/tdmv/fenech/concurrent_map.go:278.2,278.13 1 1
bitbucket.org/tdmv/fenech/concurrent_map.go:274.32,277.3 2 1
