mode: set
bitbucket.org/tdmv/fenech/binlog.go:16.36,18.12 2 1
bitbucket.org/tdmv/fenech/binlog.go:18.12,22.17 3 1
bitbucket.org/tdmv/fenech/binlog.go:28.3,30.18 3 1
bitbucket.org/tdmv/fenech/binlog.go:22.17,26.4 3 0
bitbucket.org/tdmv/fenech/binlog.go:34.45,36.2 0 0
bitbucket.org/tdmv/fenech/binlog.go:38.59,45.29 7 1
bitbucket.org/tdmv/fenech/binlog.go:49.2,51.12 3 1
bitbucket.org/tdmv/fenech/binlog.go:45.29,48.3 2 1
bitbucket.org/tdmv/fenech/binlog.go:54.45,60.29 6 1
bitbucket.org/tdmv/fenech/binlog.go:64.2,66.12 3 1
bitbucket.org/tdmv/fenech/binlog.go:60.29,63.3 2 1
bitbucket.org/tdmv/fenech/binlog_easyjson.go:20.82,22.17 2 0
bitbucket.org/tdmv/fenech/binlog_easyjson.go:29.2,30.23 2 0
bitbucket.org/tdmv/fenech/binlog_easyjson.go:55.2,56.16 2 0
bitbucket.org/tdmv/fenech/binlog_easyjson.go:22.17,23.17 1 0
bitbucket.org/tdmv/fenech/binlog_easyjson.go:26.3,27.9 2 0
bitbucket.org/tdmv/fenech/binlog_easyjson.go:23.17,25.4 1 0
bitbucket.org/tdmv/fenech/binlog_easyjson.go:30.23,33.18 3 0
bitbucket.org/tdmv/fenech/binlog_easyjson.go:38.3,38.14 1 0
bitbucket.org/tdmv/fenech/binlog_easyjson.go:53.3,53.17 1 0
bitbucket.org/tdmv/fenech/binlog_easyjson.go:33.18,36.12 3 0
bitbucket.org/tdmv/fenech/binlog_easyjson.go:39.15,40.30 1 0
bitbucket.org/tdmv/fenech/binlog_easyjson.go:41.14,42.33 1 0
bitbucket.org/tdmv/fenech/binlog_easyjson.go:43.16,44.19 1 0
bitbucket.org/tdmv/fenech/binlog_easyjson.go:50.11,51.22 1 0
bitbucket.org/tdmv/fenech/binlog_easyjson.go:44.19,47.5 2 0
bitbucket.org/tdmv/fenech/binlog_easyjson.go:47.5,49.5 1 0
bitbucket.org/tdmv/fenech/binlog_easyjson.go:56.16,58.3 1 0
bitbucket.org/tdmv/fenech/binlog_easyjson.go:60.83,64.12 4 1
bitbucket.org/tdmv/fenech/binlog_easyjson.go:67.2,70.12 4 1
bitbucket.org/tdmv/fenech/binlog_easyjson.go:73.2,76.12 4 1
bitbucket.org/tdmv/fenech/binlog_easyjson.go:79.2,82.18 4 1
bitbucket.org/tdmv/fenech/binlog_easyjson.go:64.12,66.3 1 0
bitbucket.org/tdmv/fenech/binlog_easyjson.go:70.12,72.3 1 1
bitbucket.org/tdmv/fenech/binlog_easyjson.go:76.12,78.3 1 1
bitbucket.org/tdmv/fenech/binlog_easyjson.go:86.47,90.2 3 1
bitbucket.org/tdmv/fenech/binlog_easyjson.go:93.52,95.2 1 0
bitbucket.org/tdmv/fenech/binlog_easyjson.go:98.51,102.2 3 0
bitbucket.org/tdmv/fenech/binlog_easyjson.go:105.53,107.2 1 0
bitbucket.org/tdmv/fenech/concurrent_map.go:29.39,32.35 3 1
bitbucket.org/tdmv/fenech/concurrent_map.go:41.2,44.15 4 1
bitbucket.org/tdmv/fenech/concurrent_map.go:32.35,34.17 2 1
bitbucket.org/tdmv/fenech/concurrent_map.go:37.3,38.42 2 1
bitbucket.org/tdmv/fenech/concurrent_map.go:34.17,36.4 1 0
bitbucket.org/tdmv/fenech/concurrent_map.go:47.46,48.49 1 1
bitbucket.org/tdmv/fenech/concurrent_map.go:55.2,55.57 1 1
bitbucket.org/tdmv/fenech/concurrent_map.go:48.49,49.44 1 0
bitbucket.org/tdmv/fenech/concurrent_map.go:49.44,51.4 1 0
bitbucket.org/tdmv/fenech/concurrent_map.go:52.3,52.23 1 1
bitbucket.org/tdmv/fenech/concurrent_map.go:52.23,54.3 1 0
bitbucket.org/tdmv/fenech/concurrent_map.go:59.60,61.2 1 1
bitbucket.org/tdmv/fenech/concurrent_map.go:63.34,65.2 1 1
bitbucket.org/tdmv/fenech/concurrent_map.go:67.53,69.31 1 1
bitbucket.org/tdmv/fenech/concurrent_map.go:78.2,78.12 1 1
bitbucket.org/tdmv/fenech/concurrent_map.go:69.31,70.50 1 1
bitbucket.org/tdmv/fenech/concurrent_map.go:73.3,76.17 4 1
bitbucket.org/tdmv/fenech/concurrent_map.go:70.50,72.4 1 0
bitbucket.org/tdmv/fenech/concurrent_map.go:82.54,83.49 1 1
bitbucket.org/tdmv/fenech/concurrent_map.go:87.2,91.12 5 1
bitbucket.org/tdmv/fenech/concurrent_map.go:83.49,85.3 1 0
bitbucket.org/tdmv/fenech/concurrent_map.go:101.80,108.47 6 1
bitbucket.org/tdmv/fenech/concurrent_map.go:111.2,113.17 2 1
bitbucket.org/tdmv/fenech/concurrent_map.go:108.47,110.3 1 0
bitbucket.org/tdmv/fenech/concurrent_map.go:117.70,123.9 5 1
bitbucket.org/tdmv/fenech/concurrent_map.go:132.2,132.17 1 1
bitbucket.org/tdmv/fenech/concurrent_map.go:123.9,124.50 1 0
bitbucket.org/tdmv/fenech/concurrent_map.go:127.3,129.17 3 0
bitbucket.org/tdmv/fenech/concurrent_map.go:124.50,126.4 1 0
bitbucket.org/tdmv/fenech/concurrent_map.go:136.49,144.2 5 1
bitbucket.org/tdmv/fenech/concurrent_map.go:147.30,149.35 2 1
bitbucket.org/tdmv/fenech/concurrent_map.go:155.2,155.14 1 1
bitbucket.org/tdmv/fenech/concurrent_map.go:149.35,154.3 4 1
bitbucket.org/tdmv/fenech/concurrent_map.go:159.39,167.2 5 1
bitbucket.org/tdmv/fenech/concurrent_map.go:170.43,171.42 1 1
bitbucket.org/tdmv/fenech/concurrent_map.go:175.2,179.12 5 1
bitbucket.org/tdmv/fenech/concurrent_map.go:171.42,173.3 1 0
bitbucket.org/tdmv/fenech/concurrent_map.go:183.56,188.12 4 1
bitbucket.org/tdmv/fenech/concurrent_map.go:194.2,195.23 2 1
bitbucket.org/tdmv/fenech/concurrent_map.go:188.12,189.43 1 1
bitbucket.org/tdmv/fenech/concurrent_map.go:192.3,192.27 1 1
bitbucket.org/tdmv/fenech/concurrent_map.go:189.43,191.4 1 0
bitbucket.org/tdmv/fenech/concurrent_map.go:199.33,201.2 1 1
bitbucket.org/tdmv/fenech/concurrent_map.go:212.38,214.12 2 1
bitbucket.org/tdmv/fenech/concurrent_map.go:232.2,232.11 1 1
bitbucket.org/tdmv/fenech/concurrent_map.go:214.12,218.32 3 1
bitbucket.org/tdmv/fenech/concurrent_map.go:229.3,230.12 2 1
bitbucket.org/tdmv/fenech/concurrent_map.go:218.32,219.40 1 1
bitbucket.org/tdmv/fenech/concurrent_map.go:219.40,222.39 2 1
bitbucket.org/tdmv/fenech/concurrent_map.go:225.5,226.14 2 1
bitbucket.org/tdmv/fenech/concurrent_map.go:222.39,224.6 1 1
bitbucket.org/tdmv/fenech/concurrent_map.go:236.46,238.12 2 1
bitbucket.org/tdmv/fenech/concurrent_map.go:256.2,256.11 1 1
bitbucket.org/tdmv/fenech/concurrent_map.go:238.12,242.32 3 1
bitbucket.org/tdmv/fenech/concurrent_map.go:253.3,254.12 2 1
bitbucket.org/tdmv/fenech/concurrent_map.go:242.32,243.40 1 1
bitbucket.org/tdmv/fenech/concurrent_map.go:243.40,246.39 2 1
bitbucket.org/tdmv/fenech/concurrent_map.go:249.5,250.14 2 1
bitbucket.org/tdmv/fenech/concurrent_map.go:246.39,248.6 1 1
bitbucket.org/tdmv/fenech/concurrent_map.go:260.44,264.37 2 1
bitbucket.org/tdmv/fenech/concurrent_map.go:268.2,268.12 1 1
bitbucket.org/tdmv/fenech/concurrent_map.go:264.37,266.3 1 1
bitbucket.org/tdmv/fenech/concurrent_map.go:279.36,280.26 1 1
bitbucket.org/tdmv/fenech/concurrent_map.go:280.26,283.39 3 1
bitbucket.org/tdmv/fenech/concurrent_map.go:286.3,286.18 1 1
bitbucket.org/tdmv/fenech/concurrent_map.go:283.39,285.4 1 1
bitbucket.org/tdmv/fenech/concurrent_map.go:291.34,294.12 3 1
bitbucket.org/tdmv/fenech/concurrent_map.go:314.2,315.20 2 1
bitbucket.org/tdmv/fenech/concurrent_map.go:318.2,318.13 1 1
bitbucket.org/tdmv/fenech/concurrent_map.go:294.12,298.32 3 1
bitbucket.org/tdmv/fenech/concurrent_map.go:309.3,310.12 2 1
bitbucket.org/tdmv/fenech/concurrent_map.go:298.32,299.40 1 1
bitbucket.org/tdmv/fenech/concurrent_map.go:299.40,302.34 2 1
bitbucket.org/tdmv/fenech/concurrent_map.go:305.5,306.14 2 1
bitbucket.org/tdmv/fenech/concurrent_map.go:302.34,304.6 1 1
bitbucket.org/tdmv/fenech/concurrent_map.go:315.20,317.3 1 1
bitbucket.org/tdmv/fenech/concurrent_map.go:322.48,327.37 2 1
bitbucket.org/tdmv/fenech/concurrent_map.go:330.2,330.26 1 1
bitbucket.org/tdmv/fenech/concurrent_map.go:327.37,329.3 1 1
bitbucket.org/tdmv/fenech/concurrent_map.go:338.54,343.48 2 0
bitbucket.org/tdmv/fenech/concurrent_map.go:348.2,348.28 1 0
bitbucket.org/tdmv/fenech/concurrent_map.go:351.2,351.12 1 0
bitbucket.org/tdmv/fenech/concurrent_map.go:343.48,345.3 1 0
bitbucket.org/tdmv/fenech/concurrent_map.go:348.28,350.3 1 0
bitbucket.org/tdmv/fenech/concurrent_map.go:354.31,357.32 3 1
bitbucket.org/tdmv/fenech/concurrent_map.go:361.2,361.13 1 1
bitbucket.org/tdmv/fenech/concurrent_map.go:357.32,360.3 2 1
bitbucket.org/tdmv/fenech/snapshot.go:3.36,5.2 0 0
